<?xml version="1.0" encoding="UTF-8"?>
<testng-results ignored="0" total="1" passed="1" failed="0" skipped="0">
  <reporter-output>
  </reporter-output>
  <suite started-at="2024-02-01T21:37:49 IST" name="Default suite" finished-at="2024-02-01T21:38:00 IST" duration-ms="10771">
    <groups>
    </groups>
    <test started-at="2024-02-01T21:37:49 IST" name="Default test" finished-at="2024-02-01T21:38:00 IST" duration-ms="10771">
      <class name="POM.ExecuteDay46DWSHomePageAssignment">
        <test-method signature="reciever()[pri:0, instance:POM.ExecuteDay46DWSHomePageAssignment@505fc5a4]" started-at="2024-02-01T21:37:49 IST" name="reciever" finished-at="2024-02-01T21:38:00 IST" duration-ms="10743" status="PASS">
          <reporter-output>
          </reporter-output>
        </test-method> <!-- reciever -->
      </class> <!-- POM.ExecuteDay46DWSHomePageAssignment -->
    </test> <!-- Default test -->
  </suite> <!-- Default suite -->
</testng-results>
